<?xml version="1.0" encoding="UTF-8"?>
<!-- Generated by org.testng.reporters.JUnitReportReporter -->
<testsuite hostname="DESKTOP-39SNLJ3" failures="0" tests="1" name="tests.FlipkartTest" time="28.233" errors="0" timestamp="2025-06-27T11:33:30 IST" skipped="0">
  <testcase classname="tests.FlipkartTest" name="flipkartAddToCartTest" time="28.233"/>
</testsuite> <!-- tests.FlipkartTest -->
